<?xml version="1.0" encoding="UTF-8"?>
<!-- Generated by org.testng.reporters.JUnitXMLReporter -->
<testsuite hostname="Samy" name="Default test" tests="1" failures="1" timestamp="25 Feb 2020 17:53:41 GMT" time="7.36" errors="0">
  <testcase name="authentication" time="7.181" classname="newPackage.OAuthUdemy">
    <failure type="org.openqa.selenium.SessionNotCreatedException" message="session not created: This version of ChromeDriver only supports Chrome version 78
Build info: version: &amp;apos;3.141.59&amp;apos;, revision: &amp;apos;e82be7d358&amp;apos;, time: &amp;apos;2018-11-14T08:17:03&amp;apos;
System info: host: &amp;apos;SAMY&amp;apos;, ip: &amp;apos;192.168.1.4&amp;apos;, os.name: &amp;apos;Windows 10&amp;apos;, os.arch: &amp;apos;amd64&amp;apos;, os.version: &amp;apos;10.0&amp;apos;, java.version: &amp;apos;1.8.0_171&amp;apos;
Driver info: driver.version: ChromeDriver
remote stacktrace: Backtrace:
	Ordinal0 [0x00C4A923+1550627]
	Ordinal0 [0x00BCA731+1025841]
	Ordinal0 [0x00B4C715+509717]
	Ordinal0 [0x00ADFC68+64616]
	Ordinal0 [0x00ADC594+50580]
	Ordinal0 [0x00AFACE7+175335]
	Ordinal0 [0x00AFA8ED+174317]
	Ordinal0 [0x00AF8CDB+167131]
	Ordinal0 [0x00AE144A+70730]
	Ordinal0 [0x00AE24D0+74960]
	Ordinal0 [0x00AE2469+74857]
	Ordinal0 [0x00BE42F7+1131255]
	GetHandleVerifier [0x00CE711D+523789]
	GetHandleVerifier [0x00CE6EB0+523168]
	GetHandleVerifier [0x00CEE207+552695]
	GetHandleVerifier [0x00CE791A+525834]
	Ordinal0 [0x00BDB82C+1095724]
	Ordinal0 [0x00BE636B+1139563]
	Ordinal0 [0x00BE64D3+1139923]
	Ordinal0 [0x00BE5455+1135701]
	BaseThreadInitThunk [0x750E8494+36]
	RtlAreBitsSet [0x77E941C8+136]
	RtlAreBitsSet [0x77E94198+88]
">
      <![CDATA[org.openqa.selenium.SessionNotCreatedException: session not created: This version of ChromeDriver only supports Chrome version 78
Build info: version: '3.141.59', revision: 'e82be7d358', time: '2018-11-14T08:17:03'
System info: host: 'SAMY', ip: '192.168.1.4', os.name: 'Windows 10', os.arch: 'amd64', os.version: '10.0', java.version: '1.8.0_171'
Driver info: driver.version: ChromeDriver
remote stacktrace: Backtrace:
	Ordinal0 [0x00C4A923+1550627]
	Ordinal0 [0x00BCA731+1025841]
	Ordinal0 [0x00B4C715+509717]
	Ordinal0 [0x00ADFC68+64616]
	Ordinal0 [0x00ADC594+50580]
	Ordinal0 [0x00AFACE7+175335]
	Ordinal0 [0x00AFA8ED+174317]
	Ordinal0 [0x00AF8CDB+167131]
	Ordinal0 [0x00AE144A+70730]
	Ordinal0 [0x00AE24D0+74960]
	Ordinal0 [0x00AE2469+74857]
	Ordinal0 [0x00BE42F7+1131255]
	GetHandleVerifier [0x00CE711D+523789]
	GetHandleVerifier [0x00CE6EB0+523168]
	GetHandleVerifier [0x00CEE207+552695]
	GetHandleVerifier [0x00CE791A+525834]
	Ordinal0 [0x00BDB82C+1095724]
	Ordinal0 [0x00BE636B+1139563]
	Ordinal0 [0x00BE64D3+1139923]
	Ordinal0 [0x00BE5455+1135701]
	BaseThreadInitThunk [0x750E8494+36]
	RtlAreBitsSet [0x77E941C8+136]
	RtlAreBitsSet [0x77E94198+88]

	at sun.reflect.NativeConstructorAccessorImpl.newInstance0(Native Method)
	at sun.reflect.NativeConstructorAccessorImpl.newInstance(NativeConstructorAccessorImpl.java:62)
	at sun.reflect.DelegatingConstructorAccessorImpl.newInstance(DelegatingConstructorAccessorImpl.java:45)
	at java.lang.reflect.Constructor.newInstance(Constructor.java:423)
	at org.openqa.selenium.remote.W3CHandshakeResponse.lambda$errorHandler$0(W3CHandshakeResponse.java:62)
	at org.openqa.selenium.remote.HandshakeResponse.lambda$getResponseFunction$0(HandshakeResponse.java:30)
	at org.openqa.selenium.remote.ProtocolHandshake.lambda$createSession$0(ProtocolHandshake.java:126)
	at java.util.stream.ReferencePipeline$3$1.accept(ReferencePipeline.java:193)
	at java.util.Spliterators$ArraySpliterator.tryAdvance(Spliterators.java:958)
	at java.util.stream.ReferencePipeline.forEachWithCancel(ReferencePipeline.java:126)
	at java.util.stream.AbstractPipeline.copyIntoWithCancel(AbstractPipeline.java:498)
	at java.util.stream.AbstractPipeline.copyInto(AbstractPipeline.java:485)
	at java.util.stream.AbstractPipeline.wrapAndCopyInto(AbstractPipeline.java:471)
	at java.util.stream.FindOps$FindOp.evaluateSequential(FindOps.java:152)
	at java.util.stream.AbstractPipeline.evaluate(AbstractPipeline.java:234)
	at java.util.stream.ReferencePipeline.findFirst(ReferencePipeline.java:464)
	at org.openqa.selenium.remote.ProtocolHandshake.createSession(ProtocolHandshake.java:128)
	at org.openqa.selenium.remote.ProtocolHandshake.createSession(ProtocolHandshake.java:74)
	at org.openqa.selenium.remote.HttpCommandExecutor.execute(HttpCommandExecutor.java:136)
	at org.openqa.selenium.remote.service.DriverCommandExecutor.execute(DriverCommandExecutor.java:83)
	at org.openqa.selenium.remote.RemoteWebDriver.execute(RemoteWebDriver.java:552)
	at org.openqa.selenium.remote.RemoteWebDriver.startSession(RemoteWebDriver.java:213)
	at org.openqa.selenium.remote.RemoteWebDriver.<init>(RemoteWebDriver.java:131)
	at org.openqa.selenium.chrome.ChromeDriver.<init>(ChromeDriver.java:181)
	at org.openqa.selenium.chrome.ChromeDriver.<init>(ChromeDriver.java:168)
	at org.openqa.selenium.chrome.ChromeDriver.<init>(ChromeDriver.java:123)
	at newPackage.OAuthUdemy.authentication(OAuthUdemy.java:29)
	at sun.reflect.NativeMethodAccessorImpl.invoke0(Native Method)
	at sun.reflect.NativeMethodAccessorImpl.invoke(NativeMethodAccessorImpl.java:62)
	at sun.reflect.DelegatingMethodAccessorImpl.invoke(DelegatingMethodAccessorImpl.java:43)
	at java.lang.reflect.Method.invoke(Method.java:498)
	at org.testng.internal.MethodInvocationHelper.invokeMethod(MethodInvocationHelper.java:86)
	at org.testng.internal.Invoker.invokeMethod(Invoker.java:643)
	at org.testng.internal.Invoker.invokeTestMethod(Invoker.java:820)
	at org.testng.internal.Invoker.invokeTestMethods(Invoker.java:1128)
	at org.testng.internal.TestMethodWorker.invokeTestMethods(TestMethodWorker.java:129)
	at org.testng.internal.TestMethodWorker.run(TestMethodWorker.java:112)
	at org.testng.TestRunner.privateRun(TestRunner.java:782)
	at org.testng.TestRunner.run(TestRunner.java:632)
	at org.testng.SuiteRunner.runTest(SuiteRunner.java:366)
	at org.testng.SuiteRunner.runSequentially(SuiteRunner.java:361)
	at org.testng.SuiteRunner.privateRun(SuiteRunner.java:319)
	at org.testng.SuiteRunner.run(SuiteRunner.java:268)
	at org.testng.SuiteRunnerWorker.runSuite(SuiteRunnerWorker.java:52)
	at org.testng.SuiteRunnerWorker.run(SuiteRunnerWorker.java:86)
	at org.testng.TestNG.runSuitesSequentially(TestNG.java:1244)
	at org.testng.TestNG.runSuitesLocally(TestNG.java:1169)
	at org.testng.TestNG.run(TestNG.java:1064)
	at org.testng.remote.RemoteTestNG.run(RemoteTestNG.java:113)
	at org.testng.remote.RemoteTestNG.initAndRun(RemoteTestNG.java:206)
	at org.testng.remote.RemoteTestNG.main(RemoteTestNG.java:177)
]]>
    </failure>
  </testcase> <!-- authentication -->
</testsuite> <!-- Default test -->
