<?xml version="1.0" encoding="UTF-8"?>
<!-- Generated by org.testng.reporters.JUnitXMLReporter -->
<testsuite hostname="Samy" ignored="0" name="Test" tests="1" failures="1" timestamp="14 Dec 2017 16:39:41 GMT" time="59.737" errors="0">
  <testcase name="test" time="42.538" classname="Jenkins.SeleniumToJenkins">
    <failure type="java.lang.IllegalStateException" message="The driver executable does not exist: F:\Automation_Utility\chromedriver">
      <![CDATA[java.lang.IllegalStateException: The driver executable does not exist: F:\Automation_Utility\chromedriverat com.google.common.base.Preconditions.checkState(Preconditions.java:199)at org.openqa.selenium.remote.service.DriverService.checkExecutable(DriverService.java:121)at org.openqa.selenium.remote.service.DriverService.findExecutable(DriverService.java:116)at org.openqa.selenium.chrome.ChromeDriverService.access$000(ChromeDriverService.java:32)at org.openqa.selenium.chrome.ChromeDriverService$Builder.findDefaultExecutable(ChromeDriverService.java:137)at org.openqa.selenium.remote.service.DriverService$Builder.build(DriverService.java:296)at org.openqa.selenium.chrome.ChromeDriverService.createDefaultService(ChromeDriverService.java:88)at org.openqa.selenium.chrome.ChromeDriver.<init>(ChromeDriver.java:120)at Jenkins.SeleniumToJenkins.test(SeleniumToJenkins.java:12)... Removed 25 stack frames]]>
    </failure>
  </testcase> <!-- test -->
</testsuite> <!-- Test -->
